{"C:\\Documents\\CSE341\\KitchenIT\\CSE341KitchenIT\\controllers\\conversions.js": {"path":"C:\\Documents\\CSE341\\KitchenIT\\CSE341KitchenIT\\controllers\\conversions.js","statementMap":{"0":{"start":{"line":1,"column":16},"end":{"line":1,"column":46}},"1":{"start":{"line":2,"column":21},"end":{"line":2,"column":39}},"2":{"start":{"line":4,"column":17},"end":{"line":4,"column":19}},"3":{"start":{"line":6,"column":0},"end":{"line":16,"column":4}},"4":{"start":{"line":7,"column":4},"end":{"line":15,"column":5}},"5":{"start":{"line":8,"column":17},"end":{"line":8,"column":56}},"6":{"start":{"line":9,"column":25},"end":{"line":9,"column":53}},"7":{"start":{"line":10,"column":20},"end":{"line":10,"column":53}},"8":{"start":{"line":11,"column":6},"end":{"line":11,"column":34}},"9":{"start":{"line":13,"column":6},"end":{"line":13,"column":58}},"10":{"start":{"line":14,"column":6},"end":{"line":14,"column":70}},"11":{"start":{"line":20,"column":0},"end":{"line":39,"column":2}},"12":{"start":{"line":21,"column":4},"end":{"line":23,"column":5}},"13":{"start":{"line":22,"column":8},"end":{"line":22,"column":62}},"14":{"start":{"line":24,"column":4},"end":{"line":38,"column":5}},"15":{"start":{"line":25,"column":29},"end":{"line":25,"column":56}},"16":{"start":{"line":26,"column":23},"end":{"line":30,"column":40}},"17":{"start":{"line":31,"column":8},"end":{"line":34,"column":11}},"18":{"start":{"line":32,"column":12},"end":{"line":32,"column":62}},"19":{"start":{"line":33,"column":12},"end":{"line":33,"column":40}},"20":{"start":{"line":36,"column":8},"end":{"line":36,"column":60}},"21":{"start":{"line":37,"column":8},"end":{"line":37,"column":36}},"22":{"start":{"line":42,"column":0},"end":{"line":43,"column":2}},"23":{"start":{"line":45,"column":0},"end":{"line":77,"column":2}},"24":{"start":{"line":46,"column":2},"end":{"line":76,"column":3}},"25":{"start":{"line":47,"column":17},"end":{"line":47,"column":32}},"26":{"start":{"line":48,"column":25},"end":{"line":48,"column":53}},"27":{"start":{"line":51,"column":37},"end":{"line":51,"column":45}},"28":{"start":{"line":54,"column":6},"end":{"line":56,"column":7}},"29":{"start":{"line":55,"column":10},"end":{"line":55,"column":78}},"30":{"start":{"line":59,"column":28},"end":{"line":63,"column":7}},"31":{"start":{"line":66,"column":21},"end":{"line":66,"column":62}},"32":{"start":{"line":69,"column":6},"end":{"line":72,"column":9}},"33":{"start":{"line":74,"column":6},"end":{"line":74,"column":56}},"34":{"start":{"line":75,"column":6},"end":{"line":75,"column":68}},"35":{"start":{"line":79,"column":0},"end":{"line":100,"column":2}},"36":{"start":{"line":80,"column":2},"end":{"line":82,"column":1}},"37":{"start":{"line":81,"column":4},"end":{"line":81,"column":87}},"38":{"start":{"line":83,"column":21},"end":{"line":83,"column":48}},"39":{"start":{"line":84,"column":19},"end":{"line":89,"column":1}},"40":{"start":{"line":90,"column":0},"end":{"line":99,"column":1}},"41":{"start":{"line":91,"column":21},"end":{"line":91,"column":119}},"42":{"start":{"line":92,"column":4},"end":{"line":96,"column":5}},"43":{"start":{"line":93,"column":8},"end":{"line":93,"column":31}},"44":{"start":{"line":95,"column":8},"end":{"line":95,"column":90}},"45":{"start":{"line":98,"column":4},"end":{"line":98,"column":51}},"46":{"start":{"line":102,"column":0},"end":{"line":117,"column":2}},"47":{"start":{"line":103,"column":2},"end":{"line":105,"column":1}},"48":{"start":{"line":104,"column":4},"end":{"line":104,"column":87}},"49":{"start":{"line":106,"column":21},"end":{"line":106,"column":48}},"50":{"start":{"line":107,"column":0},"end":{"line":116,"column":1}},"51":{"start":{"line":108,"column":21},"end":{"line":108,"column":106}},"52":{"start":{"line":109,"column":4},"end":{"line":113,"column":5}},"53":{"start":{"line":110,"column":8},"end":{"line":110,"column":31}},"54":{"start":{"line":112,"column":8},"end":{"line":112,"column":90}},"55":{"start":{"line":115,"column":4},"end":{"line":115,"column":51}},"56":{"start":{"line":119,"column":0},"end":{"line":119,"column":25}}},"fnMap":{"0":{"name":"(anonymous_0)","decl":{"start":{"line":6,"column":29},"end":{"line":6,"column":30}},"loc":{"start":{"line":6,"column":55},"end":{"line":16,"column":3}},"line":6},"1":{"name":"(anonymous_1)","decl":{"start":{"line":20,"column":29},"end":{"line":20,"column":30}},"loc":{"start":{"line":20,"column":55},"end":{"line":39,"column":1}},"line":20},"2":{"name":"(anonymous_2)","decl":{"start":{"line":31,"column":30},"end":{"line":31,"column":31}},"loc":{"start":{"line":31,"column":41},"end":{"line":34,"column":9}},"line":31},"3":{"name":"(anonymous_3)","decl":{"start":{"line":42,"column":28},"end":{"line":42,"column":29}},"loc":{"start":{"line":42,"column":54},"end":{"line":43,"column":1}},"line":42},"4":{"name":"(anonymous_4)","decl":{"start":{"line":45,"column":26},"end":{"line":45,"column":27}},"loc":{"start":{"line":45,"column":46},"end":{"line":77,"column":1}},"line":45},"5":{"name":"(anonymous_5)","decl":{"start":{"line":79,"column":28},"end":{"line":79,"column":29}},"loc":{"start":{"line":79,"column":48},"end":{"line":100,"column":1}},"line":79},"6":{"name":"(anonymous_6)","decl":{"start":{"line":102,"column":28},"end":{"line":102,"column":29}},"loc":{"start":{"line":102,"column":48},"end":{"line":117,"column":1}},"line":102}},"branchMap":{"0":{"loc":{"start":{"line":21,"column":4},"end":{"line":23,"column":5}},"type":"if","locations":[{"start":{"line":21,"column":4},"end":{"line":23,"column":5}},{"start":{},"end":{}}],"line":21},"1":{"loc":{"start":{"line":54,"column":6},"end":{"line":56,"column":7}},"type":"if","locations":[{"start":{"line":54,"column":6},"end":{"line":56,"column":7}},{"start":{},"end":{}}],"line":54},"2":{"loc":{"start":{"line":54,"column":10},"end":{"line":54,"column":32}},"type":"binary-expr","locations":[{"start":{"line":54,"column":10},"end":{"line":54,"column":19}},{"start":{"line":54,"column":23},"end":{"line":54,"column":32}}],"line":54},"3":{"loc":{"start":{"line":80,"column":2},"end":{"line":82,"column":1}},"type":"if","locations":[{"start":{"line":80,"column":2},"end":{"line":82,"column":1}},{"start":{},"end":{}}],"line":80},"4":{"loc":{"start":{"line":92,"column":4},"end":{"line":96,"column":5}},"type":"if","locations":[{"start":{"line":92,"column":4},"end":{"line":96,"column":5}},{"start":{"line":94,"column":11},"end":{"line":96,"column":5}}],"line":92},"5":{"loc":{"start":{"line":103,"column":2},"end":{"line":105,"column":1}},"type":"if","locations":[{"start":{"line":103,"column":2},"end":{"line":105,"column":1}},{"start":{},"end":{}}],"line":103},"6":{"loc":{"start":{"line":109,"column":4},"end":{"line":113,"column":5}},"type":"if","locations":[{"start":{"line":109,"column":4},"end":{"line":113,"column":5}},{"start":{"line":111,"column":11},"end":{"line":113,"column":5}}],"line":109}},"s":{"0":1,"1":1,"2":1,"3":1,"4":2,"5":2,"6":2,"7":2,"8":1,"9":1,"10":1,"11":1,"12":3,"13":3,"14":0,"15":0,"16":0,"17":0,"18":0,"19":0,"20":0,"21":0,"22":1,"23":1,"24":3,"25":3,"26":3,"27":0,"28":0,"29":0,"30":0,"31":0,"32":0,"33":3,"34":3,"35":1,"36":3,"37":3,"38":0,"39":0,"40":0,"41":0,"42":0,"43":0,"44":0,"45":0,"46":1,"47":3,"48":3,"49":0,"50":0,"51":0,"52":0,"53":0,"54":0,"55":0,"56":1},"f":{"0":2,"1":3,"2":0,"3":0,"4":3,"5":3,"6":3},"b":{"0":[3,0],"1":[0,0],"2":[0,0],"3":[3,0],"4":[0,0],"5":[3,0],"6":[0,0]},"_coverageSchema":"1a1c01bbd47fc00a2c39e90264f33305004495a9","hash":"4488e37d2dae002dcfe974b113afef6f4e5e67a7"}
,"C:\\Documents\\CSE341\\KitchenIT\\CSE341KitchenIT\\controllers\\ingredients.js": {"path":"C:\\Documents\\CSE341\\KitchenIT\\CSE341KitchenIT\\controllers\\ingredients.js","statementMap":{"0":{"start":{"line":1,"column":16},"end":{"line":1,"column":46}},"1":{"start":{"line":2,"column":21},"end":{"line":2,"column":39}},"2":{"start":{"line":4,"column":16},"end":{"line":4,"column":18}},"3":{"start":{"line":6,"column":0},"end":{"line":16,"column":4}},"4":{"start":{"line":7,"column":4},"end":{"line":15,"column":5}},"5":{"start":{"line":8,"column":17},"end":{"line":8,"column":56}},"6":{"start":{"line":9,"column":25},"end":{"line":9,"column":53}},"7":{"start":{"line":10,"column":20},"end":{"line":10,"column":53}},"8":{"start":{"line":11,"column":6},"end":{"line":11,"column":34}},"9":{"start":{"line":13,"column":6},"end":{"line":13,"column":58}},"10":{"start":{"line":14,"column":6},"end":{"line":14,"column":70}},"11":{"start":{"line":18,"column":0},"end":{"line":20,"column":2}},"12":{"start":{"line":23,"column":0},"end":{"line":42,"column":2}},"13":{"start":{"line":24,"column":4},"end":{"line":26,"column":5}},"14":{"start":{"line":25,"column":8},"end":{"line":25,"column":62}},"15":{"start":{"line":27,"column":4},"end":{"line":41,"column":5}},"16":{"start":{"line":28,"column":29},"end":{"line":28,"column":56}},"17":{"start":{"line":29,"column":23},"end":{"line":33,"column":40}},"18":{"start":{"line":34,"column":8},"end":{"line":37,"column":11}},"19":{"start":{"line":35,"column":12},"end":{"line":35,"column":62}},"20":{"start":{"line":36,"column":12},"end":{"line":36,"column":40}},"21":{"start":{"line":39,"column":8},"end":{"line":39,"column":60}},"22":{"start":{"line":40,"column":8},"end":{"line":40,"column":36}},"23":{"start":{"line":44,"column":0},"end":{"line":77,"column":2}},"24":{"start":{"line":45,"column":4},"end":{"line":76,"column":5}},"25":{"start":{"line":46,"column":19},"end":{"line":46,"column":58}},"26":{"start":{"line":47,"column":27},"end":{"line":47,"column":55}},"27":{"start":{"line":50,"column":41},"end":{"line":50,"column":49}},"28":{"start":{"line":53,"column":8},"end":{"line":55,"column":9}},"29":{"start":{"line":54,"column":12},"end":{"line":54,"column":80}},"30":{"start":{"line":58,"column":30},"end":{"line":63,"column":9}},"31":{"start":{"line":66,"column":23},"end":{"line":66,"column":64}},"32":{"start":{"line":69,"column":8},"end":{"line":72,"column":11}},"33":{"start":{"line":74,"column":8},"end":{"line":74,"column":65}},"34":{"start":{"line":75,"column":8},"end":{"line":75,"column":69}},"35":{"start":{"line":79,"column":0},"end":{"line":100,"column":2}},"36":{"start":{"line":80,"column":2},"end":{"line":82,"column":1}},"37":{"start":{"line":81,"column":4},"end":{"line":81,"column":87}},"38":{"start":{"line":83,"column":21},"end":{"line":83,"column":48}},"39":{"start":{"line":84,"column":19},"end":{"line":89,"column":1}},"40":{"start":{"line":90,"column":0},"end":{"line":99,"column":1}},"41":{"start":{"line":91,"column":21},"end":{"line":91,"column":119}},"42":{"start":{"line":92,"column":4},"end":{"line":96,"column":5}},"43":{"start":{"line":93,"column":8},"end":{"line":93,"column":31}},"44":{"start":{"line":95,"column":8},"end":{"line":95,"column":90}},"45":{"start":{"line":98,"column":4},"end":{"line":98,"column":51}},"46":{"start":{"line":102,"column":0},"end":{"line":117,"column":2}},"47":{"start":{"line":103,"column":2},"end":{"line":105,"column":1}},"48":{"start":{"line":104,"column":4},"end":{"line":104,"column":87}},"49":{"start":{"line":106,"column":21},"end":{"line":106,"column":48}},"50":{"start":{"line":107,"column":0},"end":{"line":116,"column":1}},"51":{"start":{"line":108,"column":21},"end":{"line":108,"column":106}},"52":{"start":{"line":109,"column":4},"end":{"line":113,"column":5}},"53":{"start":{"line":110,"column":8},"end":{"line":110,"column":31}},"54":{"start":{"line":112,"column":8},"end":{"line":112,"column":90}},"55":{"start":{"line":115,"column":4},"end":{"line":115,"column":51}},"56":{"start":{"line":120,"column":0},"end":{"line":120,"column":25}}},"fnMap":{"0":{"name":"(anonymous_0)","decl":{"start":{"line":6,"column":28},"end":{"line":6,"column":29}},"loc":{"start":{"line":6,"column":54},"end":{"line":16,"column":3}},"line":6},"1":{"name":"(anonymous_1)","decl":{"start":{"line":18,"column":26},"end":{"line":18,"column":27}},"loc":{"start":{"line":18,"column":52},"end":{"line":20,"column":1}},"line":18},"2":{"name":"(anonymous_2)","decl":{"start":{"line":23,"column":28},"end":{"line":23,"column":29}},"loc":{"start":{"line":23,"column":54},"end":{"line":42,"column":1}},"line":23},"3":{"name":"(anonymous_3)","decl":{"start":{"line":34,"column":30},"end":{"line":34,"column":31}},"loc":{"start":{"line":34,"column":41},"end":{"line":37,"column":9}},"line":34},"4":{"name":"(anonymous_4)","decl":{"start":{"line":44,"column":25},"end":{"line":44,"column":26}},"loc":{"start":{"line":44,"column":51},"end":{"line":77,"column":1}},"line":44},"5":{"name":"(anonymous_5)","decl":{"start":{"line":79,"column":27},"end":{"line":79,"column":28}},"loc":{"start":{"line":79,"column":47},"end":{"line":100,"column":1}},"line":79},"6":{"name":"(anonymous_6)","decl":{"start":{"line":102,"column":27},"end":{"line":102,"column":28}},"loc":{"start":{"line":102,"column":47},"end":{"line":117,"column":1}},"line":102}},"branchMap":{"0":{"loc":{"start":{"line":24,"column":4},"end":{"line":26,"column":5}},"type":"if","locations":[{"start":{"line":24,"column":4},"end":{"line":26,"column":5}},{"start":{},"end":{}}],"line":24},"1":{"loc":{"start":{"line":53,"column":8},"end":{"line":55,"column":9}},"type":"if","locations":[{"start":{"line":53,"column":8},"end":{"line":55,"column":9}},{"start":{},"end":{}}],"line":53},"2":{"loc":{"start":{"line":53,"column":12},"end":{"line":53,"column":39}},"type":"binary-expr","locations":[{"start":{"line":53,"column":12},"end":{"line":53,"column":17}},{"start":{"line":53,"column":21},"end":{"line":53,"column":30}},{"start":{"line":53,"column":34},"end":{"line":53,"column":39}}],"line":53},"3":{"loc":{"start":{"line":80,"column":2},"end":{"line":82,"column":1}},"type":"if","locations":[{"start":{"line":80,"column":2},"end":{"line":82,"column":1}},{"start":{},"end":{}}],"line":80},"4":{"loc":{"start":{"line":92,"column":4},"end":{"line":96,"column":5}},"type":"if","locations":[{"start":{"line":92,"column":4},"end":{"line":96,"column":5}},{"start":{"line":94,"column":11},"end":{"line":96,"column":5}}],"line":92},"5":{"loc":{"start":{"line":103,"column":2},"end":{"line":105,"column":1}},"type":"if","locations":[{"start":{"line":103,"column":2},"end":{"line":105,"column":1}},{"start":{},"end":{}}],"line":103},"6":{"loc":{"start":{"line":109,"column":4},"end":{"line":113,"column":5}},"type":"if","locations":[{"start":{"line":109,"column":4},"end":{"line":113,"column":5}},{"start":{"line":111,"column":11},"end":{"line":113,"column":5}}],"line":109}},"s":{"0":1,"1":1,"2":1,"3":1,"4":0,"5":0,"6":0,"7":0,"8":0,"9":0,"10":0,"11":1,"12":1,"13":0,"14":0,"15":0,"16":0,"17":0,"18":0,"19":0,"20":0,"21":0,"22":0,"23":1,"24":0,"25":0,"26":0,"27":0,"28":0,"29":0,"30":0,"31":0,"32":0,"33":0,"34":0,"35":1,"36":0,"37":0,"38":0,"39":0,"40":0,"41":0,"42":0,"43":0,"44":0,"45":0,"46":1,"47":0,"48":0,"49":0,"50":0,"51":0,"52":0,"53":0,"54":0,"55":0,"56":1},"f":{"0":0,"1":0,"2":0,"3":0,"4":0,"5":0,"6":0},"b":{"0":[0,0],"1":[0,0],"2":[0,0,0],"3":[0,0],"4":[0,0],"5":[0,0],"6":[0,0]},"_coverageSchema":"1a1c01bbd47fc00a2c39e90264f33305004495a9","hash":"6a45f90add574bbb41984aa533ce8e0575c02304"}
,"C:\\Documents\\CSE341\\KitchenIT\\CSE341KitchenIT\\controllers\\recipes.js": {"path":"C:\\Documents\\CSE341\\KitchenIT\\CSE341KitchenIT\\controllers\\recipes.js","statementMap":{"0":{"start":{"line":1,"column":16},"end":{"line":1,"column":46}},"1":{"start":{"line":2,"column":21},"end":{"line":2,"column":39}},"2":{"start":{"line":3,"column":15},"end":{"line":3,"column":32}},"3":{"start":{"line":4,"column":13},"end":{"line":4,"column":28}},"4":{"start":{"line":7,"column":16},"end":{"line":7,"column":38}},"5":{"start":{"line":8,"column":15},"end":{"line":8,"column":43}},"6":{"start":{"line":11,"column":20},"end":{"line":11,"column":22}},"7":{"start":{"line":14,"column":0},"end":{"line":24,"column":4}},"8":{"start":{"line":15,"column":4},"end":{"line":23,"column":5}},"9":{"start":{"line":16,"column":17},"end":{"line":16,"column":32}},"10":{"start":{"line":17,"column":25},"end":{"line":17,"column":49}},"11":{"start":{"line":18,"column":20},"end":{"line":18,"column":53}},"12":{"start":{"line":19,"column":6},"end":{"line":19,"column":34}},"13":{"start":{"line":21,"column":6},"end":{"line":21,"column":54}},"14":{"start":{"line":22,"column":6},"end":{"line":22,"column":66}},"15":{"start":{"line":27,"column":0},"end":{"line":29,"column":2}},"16":{"start":{"line":32,"column":0},"end":{"line":51,"column":2}},"17":{"start":{"line":33,"column":4},"end":{"line":35,"column":5}},"18":{"start":{"line":34,"column":8},"end":{"line":34,"column":58}},"19":{"start":{"line":36,"column":4},"end":{"line":50,"column":5}},"20":{"start":{"line":37,"column":25},"end":{"line":37,"column":52}},"21":{"start":{"line":38,"column":23},"end":{"line":42,"column":36}},"22":{"start":{"line":43,"column":8},"end":{"line":46,"column":11}},"23":{"start":{"line":44,"column":12},"end":{"line":44,"column":62}},"24":{"start":{"line":45,"column":12},"end":{"line":45,"column":40}},"25":{"start":{"line":48,"column":8},"end":{"line":48,"column":56}},"26":{"start":{"line":49,"column":8},"end":{"line":49,"column":36}},"27":{"start":{"line":54,"column":0},"end":{"line":75,"column":2}},"28":{"start":{"line":55,"column":4},"end":{"line":57,"column":5}},"29":{"start":{"line":56,"column":8},"end":{"line":56,"column":69}},"30":{"start":{"line":59,"column":4},"end":{"line":74,"column":5}},"31":{"start":{"line":60,"column":26},"end":{"line":60,"column":40}},"32":{"start":{"line":61,"column":23},"end":{"line":65,"column":36}},"33":{"start":{"line":67,"column":8},"end":{"line":70,"column":11}},"34":{"start":{"line":68,"column":12},"end":{"line":68,"column":62}},"35":{"start":{"line":69,"column":12},"end":{"line":69,"column":40}},"36":{"start":{"line":72,"column":8},"end":{"line":72,"column":57}},"37":{"start":{"line":73,"column":8},"end":{"line":73,"column":36}},"38":{"start":{"line":77,"column":0},"end":{"line":129,"column":2}},"39":{"start":{"line":78,"column":4},"end":{"line":128,"column":5}},"40":{"start":{"line":79,"column":19},"end":{"line":79,"column":34}},"41":{"start":{"line":80,"column":27},"end":{"line":80,"column":51}},"42":{"start":{"line":83,"column":53},"end":{"line":83,"column":61}},"43":{"start":{"line":86,"column":8},"end":{"line":88,"column":9}},"44":{"start":{"line":87,"column":12},"end":{"line":87,"column":80}},"45":{"start":{"line":91,"column":20},"end":{"line":91,"column":24}},"46":{"start":{"line":94,"column":8},"end":{"line":123,"column":11}},"47":{"start":{"line":95,"column":12},"end":{"line":98,"column":13}},"48":{"start":{"line":96,"column":16},"end":{"line":96,"column":61}},"49":{"start":{"line":97,"column":16},"end":{"line":97,"column":82}},"50":{"start":{"line":101,"column":12},"end":{"line":103,"column":13}},"51":{"start":{"line":102,"column":16},"end":{"line":102,"column":59}},"52":{"start":{"line":106,"column":30},"end":{"line":113,"column":13}},"53":{"start":{"line":116,"column":27},"end":{"line":116,"column":64}},"54":{"start":{"line":119,"column":12},"end":{"line":122,"column":15}},"55":{"start":{"line":126,"column":8},"end":{"line":126,"column":54}},"56":{"start":{"line":127,"column":8},"end":{"line":127,"column":66}},"57":{"start":{"line":131,"column":0},"end":{"line":169,"column":2}},"58":{"start":{"line":132,"column":21},"end":{"line":132,"column":34}},"59":{"start":{"line":134,"column":4},"end":{"line":168,"column":5}},"60":{"start":{"line":135,"column":19},"end":{"line":135,"column":34}},"61":{"start":{"line":136,"column":27},"end":{"line":136,"column":51}},"62":{"start":{"line":139,"column":8},"end":{"line":141,"column":9}},"63":{"start":{"line":140,"column":12},"end":{"line":140,"column":74}},"64":{"start":{"line":144,"column":8},"end":{"line":164,"column":11}},"65":{"start":{"line":145,"column":12},"end":{"line":148,"column":13}},"66":{"start":{"line":146,"column":16},"end":{"line":146,"column":61}},"67":{"start":{"line":147,"column":16},"end":{"line":147,"column":82}},"68":{"start":{"line":151,"column":32},"end":{"line":151,"column":66}},"69":{"start":{"line":154,"column":27},"end":{"line":157,"column":13}},"70":{"start":{"line":159,"column":12},"end":{"line":163,"column":13}},"71":{"start":{"line":160,"column":16},"end":{"line":160,"column":81}},"72":{"start":{"line":162,"column":16},"end":{"line":162,"column":75}},"73":{"start":{"line":166,"column":8},"end":{"line":166,"column":55}},"74":{"start":{"line":167,"column":8},"end":{"line":167,"column":67}},"75":{"start":{"line":172,"column":0},"end":{"line":217,"column":2}},"76":{"start":{"line":173,"column":21},"end":{"line":173,"column":34}},"77":{"start":{"line":175,"column":4},"end":{"line":216,"column":5}},"78":{"start":{"line":176,"column":19},"end":{"line":176,"column":34}},"79":{"start":{"line":177,"column":27},"end":{"line":177,"column":51}},"80":{"start":{"line":179,"column":35},"end":{"line":179,"column":43}},"81":{"start":{"line":182,"column":8},"end":{"line":184,"column":9}},"82":{"start":{"line":183,"column":12},"end":{"line":183,"column":74}},"83":{"start":{"line":185,"column":8},"end":{"line":187,"column":9}},"84":{"start":{"line":186,"column":12},"end":{"line":186,"column":71}},"85":{"start":{"line":188,"column":8},"end":{"line":190,"column":9}},"86":{"start":{"line":189,"column":12},"end":{"line":189,"column":71}},"87":{"start":{"line":193,"column":26},"end":{"line":197,"column":9}},"88":{"start":{"line":200,"column":23},"end":{"line":203,"column":9}},"89":{"start":{"line":205,"column":8},"end":{"line":212,"column":9}},"90":{"start":{"line":206,"column":12},"end":{"line":209,"column":15}},"91":{"start":{"line":211,"column":12},"end":{"line":211,"column":69}},"92":{"start":{"line":214,"column":8},"end":{"line":214,"column":53}},"93":{"start":{"line":215,"column":8},"end":{"line":215,"column":65}},"94":{"start":{"line":219,"column":0},"end":{"line":240,"column":2}},"95":{"start":{"line":220,"column":2},"end":{"line":222,"column":1}},"96":{"start":{"line":221,"column":4},"end":{"line":221,"column":83}},"97":{"start":{"line":223,"column":17},"end":{"line":223,"column":44}},"98":{"start":{"line":224,"column":15},"end":{"line":229,"column":1}},"99":{"start":{"line":230,"column":0},"end":{"line":239,"column":1}},"100":{"start":{"line":231,"column":21},"end":{"line":231,"column":107}},"101":{"start":{"line":232,"column":4},"end":{"line":236,"column":5}},"102":{"start":{"line":233,"column":8},"end":{"line":233,"column":31}},"103":{"start":{"line":235,"column":8},"end":{"line":235,"column":86}},"104":{"start":{"line":238,"column":4},"end":{"line":238,"column":51}},"105":{"start":{"line":242,"column":0},"end":{"line":257,"column":2}},"106":{"start":{"line":243,"column":2},"end":{"line":245,"column":1}},"107":{"start":{"line":244,"column":4},"end":{"line":244,"column":83}},"108":{"start":{"line":246,"column":17},"end":{"line":246,"column":44}},"109":{"start":{"line":247,"column":0},"end":{"line":256,"column":1}},"110":{"start":{"line":248,"column":21},"end":{"line":248,"column":98}},"111":{"start":{"line":249,"column":4},"end":{"line":253,"column":5}},"112":{"start":{"line":250,"column":8},"end":{"line":250,"column":31}},"113":{"start":{"line":252,"column":8},"end":{"line":252,"column":86}},"114":{"start":{"line":255,"column":4},"end":{"line":255,"column":51}},"115":{"start":{"line":259,"column":0},"end":{"line":259,"column":28}}},"fnMap":{"0":{"name":"(anonymous_0)","decl":{"start":{"line":14,"column":28},"end":{"line":14,"column":29}},"loc":{"start":{"line":14,"column":54},"end":{"line":24,"column":3}},"line":14},"1":{"name":"(anonymous_1)","decl":{"start":{"line":27,"column":34},"end":{"line":27,"column":35}},"loc":{"start":{"line":27,"column":60},"end":{"line":29,"column":1}},"line":27},"2":{"name":"(anonymous_2)","decl":{"start":{"line":32,"column":28},"end":{"line":32,"column":29}},"loc":{"start":{"line":32,"column":54},"end":{"line":51,"column":1}},"line":32},"3":{"name":"(anonymous_3)","decl":{"start":{"line":43,"column":30},"end":{"line":43,"column":31}},"loc":{"start":{"line":43,"column":41},"end":{"line":46,"column":9}},"line":43},"4":{"name":"(anonymous_4)","decl":{"start":{"line":54,"column":29},"end":{"line":54,"column":30}},"loc":{"start":{"line":54,"column":55},"end":{"line":75,"column":1}},"line":54},"5":{"name":"(anonymous_5)","decl":{"start":{"line":67,"column":30},"end":{"line":67,"column":31}},"loc":{"start":{"line":67,"column":41},"end":{"line":70,"column":9}},"line":67},"6":{"name":"(anonymous_6)","decl":{"start":{"line":77,"column":25},"end":{"line":77,"column":26}},"loc":{"start":{"line":77,"column":51},"end":{"line":129,"column":1}},"line":77},"7":{"name":"(anonymous_7)","decl":{"start":{"line":94,"column":41},"end":{"line":94,"column":42}},"loc":{"start":{"line":94,"column":56},"end":{"line":123,"column":9}},"line":94},"8":{"name":"(anonymous_8)","decl":{"start":{"line":131,"column":26},"end":{"line":131,"column":27}},"loc":{"start":{"line":131,"column":52},"end":{"line":169,"column":1}},"line":131},"9":{"name":"(anonymous_9)","decl":{"start":{"line":144,"column":41},"end":{"line":144,"column":42}},"loc":{"start":{"line":144,"column":56},"end":{"line":164,"column":9}},"line":144},"10":{"name":"(anonymous_10)","decl":{"start":{"line":172,"column":24},"end":{"line":172,"column":25}},"loc":{"start":{"line":172,"column":50},"end":{"line":217,"column":1}},"line":172},"11":{"name":"(anonymous_11)","decl":{"start":{"line":219,"column":27},"end":{"line":219,"column":28}},"loc":{"start":{"line":219,"column":47},"end":{"line":240,"column":1}},"line":219},"12":{"name":"(anonymous_12)","decl":{"start":{"line":242,"column":27},"end":{"line":242,"column":28}},"loc":{"start":{"line":242,"column":47},"end":{"line":257,"column":1}},"line":242}},"branchMap":{"0":{"loc":{"start":{"line":33,"column":4},"end":{"line":35,"column":5}},"type":"if","locations":[{"start":{"line":33,"column":4},"end":{"line":35,"column":5}},{"start":{},"end":{}}],"line":33},"1":{"loc":{"start":{"line":55,"column":4},"end":{"line":57,"column":5}},"type":"if","locations":[{"start":{"line":55,"column":4},"end":{"line":57,"column":5}},{"start":{},"end":{}}],"line":55},"2":{"loc":{"start":{"line":86,"column":8},"end":{"line":88,"column":9}},"type":"if","locations":[{"start":{"line":86,"column":8},"end":{"line":88,"column":9}},{"start":{},"end":{}}],"line":86},"3":{"loc":{"start":{"line":86,"column":12},"end":{"line":86,"column":51}},"type":"binary-expr","locations":[{"start":{"line":86,"column":12},"end":{"line":86,"column":18}},{"start":{"line":86,"column":22},"end":{"line":86,"column":34}},{"start":{"line":86,"column":38},"end":{"line":86,"column":51}}],"line":86},"4":{"loc":{"start":{"line":95,"column":12},"end":{"line":98,"column":13}},"type":"if","locations":[{"start":{"line":95,"column":12},"end":{"line":98,"column":13}},{"start":{},"end":{}}],"line":95},"5":{"loc":{"start":{"line":101,"column":12},"end":{"line":103,"column":13}},"type":"if","locations":[{"start":{"line":101,"column":12},"end":{"line":103,"column":13}},{"start":{},"end":{}}],"line":101},"6":{"loc":{"start":{"line":139,"column":8},"end":{"line":141,"column":9}},"type":"if","locations":[{"start":{"line":139,"column":8},"end":{"line":141,"column":9}},{"start":{},"end":{}}],"line":139},"7":{"loc":{"start":{"line":145,"column":12},"end":{"line":148,"column":13}},"type":"if","locations":[{"start":{"line":145,"column":12},"end":{"line":148,"column":13}},{"start":{},"end":{}}],"line":145},"8":{"loc":{"start":{"line":159,"column":12},"end":{"line":163,"column":13}},"type":"if","locations":[{"start":{"line":159,"column":12},"end":{"line":163,"column":13}},{"start":{"line":161,"column":19},"end":{"line":163,"column":13}}],"line":159},"9":{"loc":{"start":{"line":182,"column":8},"end":{"line":184,"column":9}},"type":"if","locations":[{"start":{"line":182,"column":8},"end":{"line":184,"column":9}},{"start":{},"end":{}}],"line":182},"10":{"loc":{"start":{"line":185,"column":8},"end":{"line":187,"column":9}},"type":"if","locations":[{"start":{"line":185,"column":8},"end":{"line":187,"column":9}},{"start":{},"end":{}}],"line":185},"11":{"loc":{"start":{"line":185,"column":12},"end":{"line":185,"column":56}},"type":"binary-expr","locations":[{"start":{"line":185,"column":12},"end":{"line":185,"column":38}},{"start":{"line":185,"column":42},"end":{"line":185,"column":56}}],"line":185},"12":{"loc":{"start":{"line":188,"column":8},"end":{"line":190,"column":9}},"type":"if","locations":[{"start":{"line":188,"column":8},"end":{"line":190,"column":9}},{"start":{},"end":{}}],"line":188},"13":{"loc":{"start":{"line":188,"column":12},"end":{"line":188,"column":93}},"type":"binary-expr","locations":[{"start":{"line":188,"column":12},"end":{"line":188,"column":38}},{"start":{"line":188,"column":42},"end":{"line":188,"column":52}},{"start":{"line":188,"column":56},"end":{"line":188,"column":66}},{"start":{"line":188,"column":70},"end":{"line":188,"column":93}}],"line":188},"14":{"loc":{"start":{"line":205,"column":8},"end":{"line":212,"column":9}},"type":"if","locations":[{"start":{"line":205,"column":8},"end":{"line":212,"column":9}},{"start":{"line":210,"column":15},"end":{"line":212,"column":9}}],"line":205},"15":{"loc":{"start":{"line":220,"column":2},"end":{"line":222,"column":1}},"type":"if","locations":[{"start":{"line":220,"column":2},"end":{"line":222,"column":1}},{"start":{},"end":{}}],"line":220},"16":{"loc":{"start":{"line":232,"column":4},"end":{"line":236,"column":5}},"type":"if","locations":[{"start":{"line":232,"column":4},"end":{"line":236,"column":5}},{"start":{"line":234,"column":11},"end":{"line":236,"column":5}}],"line":232},"17":{"loc":{"start":{"line":243,"column":2},"end":{"line":245,"column":1}},"type":"if","locations":[{"start":{"line":243,"column":2},"end":{"line":245,"column":1}},{"start":{},"end":{}}],"line":243},"18":{"loc":{"start":{"line":249,"column":4},"end":{"line":253,"column":5}},"type":"if","locations":[{"start":{"line":249,"column":4},"end":{"line":253,"column":5}},{"start":{"line":251,"column":11},"end":{"line":253,"column":5}}],"line":249}},"s":{"0":0,"1":0,"2":0,"3":0,"4":0,"5":0,"6":0,"7":0,"8":0,"9":0,"10":0,"11":0,"12":0,"13":0,"14":0,"15":0,"16":0,"17":0,"18":0,"19":0,"20":0,"21":0,"22":0,"23":0,"24":0,"25":0,"26":0,"27":0,"28":0,"29":0,"30":0,"31":0,"32":0,"33":0,"34":0,"35":0,"36":0,"37":0,"38":0,"39":0,"40":0,"41":0,"42":0,"43":0,"44":0,"45":0,"46":0,"47":0,"48":0,"49":0,"50":0,"51":0,"52":0,"53":0,"54":0,"55":0,"56":0,"57":0,"58":0,"59":0,"60":0,"61":0,"62":0,"63":0,"64":0,"65":0,"66":0,"67":0,"68":0,"69":0,"70":0,"71":0,"72":0,"73":0,"74":0,"75":0,"76":0,"77":0,"78":0,"79":0,"80":0,"81":0,"82":0,"83":0,"84":0,"85":0,"86":0,"87":0,"88":0,"89":0,"90":0,"91":0,"92":0,"93":0,"94":0,"95":0,"96":0,"97":0,"98":0,"99":0,"100":0,"101":0,"102":0,"103":0,"104":0,"105":0,"106":0,"107":0,"108":0,"109":0,"110":0,"111":0,"112":0,"113":0,"114":0,"115":0},"f":{"0":0,"1":0,"2":0,"3":0,"4":0,"5":0,"6":0,"7":0,"8":0,"9":0,"10":0,"11":0,"12":0},"b":{"0":[0,0],"1":[0,0],"2":[0,0],"3":[0,0,0],"4":[0,0],"5":[0,0],"6":[0,0],"7":[0,0],"8":[0,0],"9":[0,0],"10":[0,0],"11":[0,0],"12":[0,0],"13":[0,0,0,0],"14":[0,0],"15":[0,0],"16":[0,0],"17":[0,0],"18":[0,0]}}
,"C:\\Documents\\CSE341\\KitchenIT\\CSE341KitchenIT\\controllers\\userController.js": {"path":"C:\\Documents\\CSE341\\KitchenIT\\CSE341KitchenIT\\controllers\\userController.js","statementMap":{"0":{"start":{"line":1,"column":16},"end":{"line":1,"column":46}},"1":{"start":{"line":2,"column":21},"end":{"line":2,"column":39}},"2":{"start":{"line":3,"column":15},"end":{"line":3,"column":32}},"3":{"start":{"line":5,"column":19},"end":{"line":5,"column":21}},"4":{"start":{"line":7,"column":21},"end":{"line":31,"column":1}},"5":{"start":{"line":8,"column":19},"end":{"line":8,"column":22}},"6":{"start":{"line":9,"column":2},"end":{"line":30,"column":3}},"7":{"start":{"line":11,"column":4},"end":{"line":13,"column":5}},"8":{"start":{"line":12,"column":6},"end":{"line":12,"column":74}},"9":{"start":{"line":15,"column":27},"end":{"line":15,"column":71}},"10":{"start":{"line":17,"column":20},"end":{"line":21,"column":5}},"11":{"start":{"line":23,"column":15},"end":{"line":23,"column":30}},"12":{"start":{"line":24,"column":23},"end":{"line":24,"column":45}},"13":{"start":{"line":25,"column":4},"end":{"line":25,"column":40}},"14":{"start":{"line":26,"column":4},"end":{"line":26,"column":56}},"15":{"start":{"line":28,"column":4},"end":{"line":28,"column":25}},"16":{"start":{"line":29,"column":4},"end":{"line":29,"column":61}},"17":{"start":{"line":33,"column":18},"end":{"line":59,"column":1}},"18":{"start":{"line":34,"column":19},"end":{"line":34,"column":22}},"19":{"start":{"line":35,"column":2},"end":{"line":58,"column":3}},"20":{"start":{"line":37,"column":4},"end":{"line":39,"column":5}},"21":{"start":{"line":38,"column":6},"end":{"line":38,"column":74}},"22":{"start":{"line":41,"column":15},"end":{"line":41,"column":30}},"23":{"start":{"line":42,"column":23},"end":{"line":42,"column":45}},"24":{"start":{"line":43,"column":17},"end":{"line":43,"column":64}},"25":{"start":{"line":45,"column":4},"end":{"line":47,"column":5}},"26":{"start":{"line":46,"column":6},"end":{"line":46,"column":76}},"27":{"start":{"line":49,"column":26},"end":{"line":49,"column":76}},"28":{"start":{"line":50,"column":4},"end":{"line":54,"column":5}},"29":{"start":{"line":51,"column":6},"end":{"line":51,"column":60}},"30":{"start":{"line":53,"column":6},"end":{"line":53,"column":69}},"31":{"start":{"line":56,"column":4},"end":{"line":56,"column":25}},"32":{"start":{"line":57,"column":4},"end":{"line":57,"column":58}},"33":{"start":{"line":61,"column":20},"end":{"line":71,"column":1}},"34":{"start":{"line":62,"column":2},"end":{"line":70,"column":3}},"35":{"start":{"line":63,"column":15},"end":{"line":63,"column":54}},"36":{"start":{"line":64,"column":23},"end":{"line":64,"column":45}},"37":{"start":{"line":65,"column":18},"end":{"line":65,"column":51}},"38":{"start":{"line":66,"column":4},"end":{"line":66,"column":32}},"39":{"start":{"line":68,"column":4},"end":{"line":68,"column":50}},"40":{"start":{"line":69,"column":4},"end":{"line":69,"column":62}},"41":{"start":{"line":74,"column":20},"end":{"line":93,"column":1}},"42":{"start":{"line":75,"column":17},"end":{"line":75,"column":30}},"43":{"start":{"line":77,"column":2},"end":{"line":79,"column":3}},"44":{"start":{"line":78,"column":4},"end":{"line":78,"column":64}},"45":{"start":{"line":81,"column":2},"end":{"line":92,"column":3}},"46":{"start":{"line":82,"column":15},"end":{"line":82,"column":54}},"47":{"start":{"line":83,"column":23},"end":{"line":83,"column":45}},"48":{"start":{"line":84,"column":17},"end":{"line":84,"column":72}},"49":{"start":{"line":85,"column":4},"end":{"line":87,"column":5}},"50":{"start":{"line":86,"column":6},"end":{"line":86,"column":65}},"51":{"start":{"line":88,"column":4},"end":{"line":88,"column":31}},"52":{"start":{"line":90,"column":4},"end":{"line":90,"column":25}},"53":{"start":{"line":91,"column":4},"end":{"line":91,"column":71}},"54":{"start":{"line":95,"column":19},"end":{"line":126,"column":1}},"55":{"start":{"line":96,"column":17},"end":{"line":96,"column":30}},"56":{"start":{"line":97,"column":19},"end":{"line":97,"column":22}},"57":{"start":{"line":99,"column":2},"end":{"line":101,"column":3}},"58":{"start":{"line":100,"column":4},"end":{"line":100,"column":64}},"59":{"start":{"line":104,"column":2},"end":{"line":106,"column":3}},"60":{"start":{"line":105,"column":4},"end":{"line":105,"column":72}},"61":{"start":{"line":108,"column":2},"end":{"line":125,"column":3}},"62":{"start":{"line":109,"column":27},"end":{"line":109,"column":71}},"63":{"start":{"line":111,"column":15},"end":{"line":111,"column":30}},"64":{"start":{"line":112,"column":23},"end":{"line":112,"column":45}},"65":{"start":{"line":113,"column":19},"end":{"line":119,"column":5}},"66":{"start":{"line":120,"column":4},"end":{"line":120,"column":70}},"67":{"start":{"line":121,"column":4},"end":{"line":121,"column":67}},"68":{"start":{"line":123,"column":4},"end":{"line":123,"column":49}},"69":{"start":{"line":124,"column":4},"end":{"line":124,"column":61}},"70":{"start":{"line":128,"column":19},"end":{"line":144,"column":1}},"71":{"start":{"line":129,"column":17},"end":{"line":129,"column":30}},"72":{"start":{"line":131,"column":2},"end":{"line":133,"column":3}},"73":{"start":{"line":132,"column":4},"end":{"line":132,"column":64}},"74":{"start":{"line":135,"column":2},"end":{"line":143,"column":3}},"75":{"start":{"line":136,"column":15},"end":{"line":136,"column":30}},"76":{"start":{"line":137,"column":23},"end":{"line":137,"column":45}},"77":{"start":{"line":138,"column":4},"end":{"line":138,"column":62}},"78":{"start":{"line":139,"column":4},"end":{"line":139,"column":67}},"79":{"start":{"line":141,"column":4},"end":{"line":141,"column":49}},"80":{"start":{"line":142,"column":4},"end":{"line":142,"column":61}},"81":{"start":{"line":146,"column":0},"end":{"line":153,"column":2}}},"fnMap":{"0":{"name":"(anonymous_0)","decl":{"start":{"line":7,"column":21},"end":{"line":7,"column":22}},"loc":{"start":{"line":7,"column":47},"end":{"line":31,"column":1}},"line":7},"1":{"name":"(anonymous_1)","decl":{"start":{"line":33,"column":18},"end":{"line":33,"column":19}},"loc":{"start":{"line":33,"column":44},"end":{"line":59,"column":1}},"line":33},"2":{"name":"(anonymous_2)","decl":{"start":{"line":61,"column":20},"end":{"line":61,"column":21}},"loc":{"start":{"line":61,"column":46},"end":{"line":71,"column":1}},"line":61},"3":{"name":"(anonymous_3)","decl":{"start":{"line":74,"column":20},"end":{"line":74,"column":21}},"loc":{"start":{"line":74,"column":46},"end":{"line":93,"column":1}},"line":74},"4":{"name":"(anonymous_4)","decl":{"start":{"line":95,"column":19},"end":{"line":95,"column":20}},"loc":{"start":{"line":95,"column":45},"end":{"line":126,"column":1}},"line":95},"5":{"name":"(anonymous_5)","decl":{"start":{"line":128,"column":19},"end":{"line":128,"column":20}},"loc":{"start":{"line":128,"column":45},"end":{"line":144,"column":1}},"line":128}},"branchMap":{"0":{"loc":{"start":{"line":11,"column":4},"end":{"line":13,"column":5}},"type":"if","locations":[{"start":{"line":11,"column":4},"end":{"line":13,"column":5}},{"start":{},"end":{}}],"line":11},"1":{"loc":{"start":{"line":11,"column":8},"end":{"line":11,"column":51}},"type":"binary-expr","locations":[{"start":{"line":11,"column":8},"end":{"line":11,"column":18}},{"start":{"line":11,"column":22},"end":{"line":11,"column":33}},{"start":{"line":11,"column":37},"end":{"line":11,"column":51}}],"line":11},"2":{"loc":{"start":{"line":37,"column":4},"end":{"line":39,"column":5}},"type":"if","locations":[{"start":{"line":37,"column":4},"end":{"line":39,"column":5}},{"start":{},"end":{}}],"line":37},"3":{"loc":{"start":{"line":37,"column":8},"end":{"line":37,"column":37}},"type":"binary-expr","locations":[{"start":{"line":37,"column":8},"end":{"line":37,"column":19}},{"start":{"line":37,"column":23},"end":{"line":37,"column":37}}],"line":37},"4":{"loc":{"start":{"line":45,"column":4},"end":{"line":47,"column":5}},"type":"if","locations":[{"start":{"line":45,"column":4},"end":{"line":47,"column":5}},{"start":{},"end":{}}],"line":45},"5":{"loc":{"start":{"line":50,"column":4},"end":{"line":54,"column":5}},"type":"if","locations":[{"start":{"line":50,"column":4},"end":{"line":54,"column":5}},{"start":{"line":52,"column":11},"end":{"line":54,"column":5}}],"line":50},"6":{"loc":{"start":{"line":77,"column":2},"end":{"line":79,"column":3}},"type":"if","locations":[{"start":{"line":77,"column":2},"end":{"line":79,"column":3}},{"start":{},"end":{}}],"line":77},"7":{"loc":{"start":{"line":85,"column":4},"end":{"line":87,"column":5}},"type":"if","locations":[{"start":{"line":85,"column":4},"end":{"line":87,"column":5}},{"start":{},"end":{}}],"line":85},"8":{"loc":{"start":{"line":99,"column":2},"end":{"line":101,"column":3}},"type":"if","locations":[{"start":{"line":99,"column":2},"end":{"line":101,"column":3}},{"start":{},"end":{}}],"line":99},"9":{"loc":{"start":{"line":104,"column":2},"end":{"line":106,"column":3}},"type":"if","locations":[{"start":{"line":104,"column":2},"end":{"line":106,"column":3}},{"start":{},"end":{}}],"line":104},"10":{"loc":{"start":{"line":104,"column":6},"end":{"line":104,"column":49}},"type":"binary-expr","locations":[{"start":{"line":104,"column":6},"end":{"line":104,"column":16}},{"start":{"line":104,"column":20},"end":{"line":104,"column":31}},{"start":{"line":104,"column":35},"end":{"line":104,"column":49}}],"line":104},"11":{"loc":{"start":{"line":131,"column":2},"end":{"line":133,"column":3}},"type":"if","locations":[{"start":{"line":131,"column":2},"end":{"line":133,"column":3}},{"start":{},"end":{}}],"line":131}},"s":{"0":0,"1":0,"2":0,"3":0,"4":0,"5":0,"6":0,"7":0,"8":0,"9":0,"10":0,"11":0,"12":0,"13":0,"14":0,"15":0,"16":0,"17":0,"18":0,"19":0,"20":0,"21":0,"22":0,"23":0,"24":0,"25":0,"26":0,"27":0,"28":0,"29":0,"30":0,"31":0,"32":0,"33":0,"34":0,"35":0,"36":0,"37":0,"38":0,"39":0,"40":0,"41":0,"42":0,"43":0,"44":0,"45":0,"46":0,"47":0,"48":0,"49":0,"50":0,"51":0,"52":0,"53":0,"54":0,"55":0,"56":0,"57":0,"58":0,"59":0,"60":0,"61":0,"62":0,"63":0,"64":0,"65":0,"66":0,"67":0,"68":0,"69":0,"70":0,"71":0,"72":0,"73":0,"74":0,"75":0,"76":0,"77":0,"78":0,"79":0,"80":0,"81":0},"f":{"0":0,"1":0,"2":0,"3":0,"4":0,"5":0},"b":{"0":[0,0],"1":[0,0,0],"2":[0,0],"3":[0,0],"4":[0,0],"5":[0,0],"6":[0,0],"7":[0,0],"8":[0,0],"9":[0,0],"10":[0,0,0],"11":[0,0]}}
,"C:\\Documents\\CSE341\\KitchenIT\\CSE341KitchenIT\\routes\\conversions.js": {"path":"C:\\Documents\\CSE341\\KitchenIT\\CSE341KitchenIT\\routes\\conversions.js","statementMap":{"0":{"start":{"line":1,"column":16},"end":{"line":1,"column":34}},"1":{"start":{"line":2,"column":15},"end":{"line":2,"column":31}},"2":{"start":{"line":3,"column":25},"end":{"line":3,"column":58}},"3":{"start":{"line":5,"column":29},"end":{"line":5,"column":66}},"4":{"start":{"line":8,"column":0},"end":{"line":8,"column":73}},"5":{"start":{"line":9,"column":0},"end":{"line":9,"column":76}},"6":{"start":{"line":10,"column":0},"end":{"line":10,"column":71}},"7":{"start":{"line":11,"column":0},"end":{"line":11,"column":75}},"8":{"start":{"line":12,"column":0},"end":{"line":12,"column":78}},"9":{"start":{"line":14,"column":0},"end":{"line":14,"column":24}}},"fnMap":{},"branchMap":{},"s":{"0":1,"1":1,"2":1,"3":1,"4":1,"5":1,"6":1,"7":1,"8":1,"9":1},"f":{},"b":{},"_coverageSchema":"1a1c01bbd47fc00a2c39e90264f33305004495a9","hash":"80024e97c5aaef187e001f552a01cc2fe82f5c7e"}
,"C:\\Documents\\CSE341\\KitchenIT\\CSE341KitchenIT\\routes\\index.js": {"path":"C:\\Documents\\CSE341\\KitchenIT\\CSE341KitchenIT\\routes\\index.js","statementMap":{"0":{"start":{"line":1,"column":16},"end":{"line":1,"column":34}},"1":{"start":{"line":2,"column":15},"end":{"line":2,"column":31}},"2":{"start":{"line":5,"column":0},"end":{"line":7,"column":2}},"3":{"start":{"line":9,"column":0},"end":{"line":11,"column":2}},"4":{"start":{"line":13,"column":0},"end":{"line":15,"column":2}},"5":{"start":{"line":17,"column":0},"end":{"line":19,"column":2}},"6":{"start":{"line":21,"column":0},"end":{"line":21,"column":38}},"7":{"start":{"line":23,"column":0},"end":{"line":23,"column":24}}},"fnMap":{},"branchMap":{},"s":{"0":0,"1":0,"2":0,"3":0,"4":0,"5":0,"6":0,"7":0},"f":{},"b":{}}
,"C:\\Documents\\CSE341\\KitchenIT\\CSE341KitchenIT\\routes\\ingredients.js": {"path":"C:\\Documents\\CSE341\\KitchenIT\\CSE341KitchenIT\\routes\\ingredients.js","statementMap":{"0":{"start":{"line":1,"column":16},"end":{"line":1,"column":34}},"1":{"start":{"line":2,"column":15},"end":{"line":2,"column":31}},"2":{"start":{"line":3,"column":25},"end":{"line":3,"column":58}},"3":{"start":{"line":5,"column":30},"end":{"line":5,"column":67}},"4":{"start":{"line":8,"column":0},"end":{"line":8,"column":73}},"5":{"start":{"line":9,"column":0},"end":{"line":9,"column":76}},"6":{"start":{"line":10,"column":0},"end":{"line":10,"column":71}},"7":{"start":{"line":11,"column":0},"end":{"line":11,"column":75}},"8":{"start":{"line":12,"column":0},"end":{"line":12,"column":78}},"9":{"start":{"line":14,"column":0},"end":{"line":14,"column":24}}},"fnMap":{},"branchMap":{},"s":{"0":1,"1":1,"2":1,"3":1,"4":1,"5":1,"6":1,"7":1,"8":1,"9":1},"f":{},"b":{},"_coverageSchema":"1a1c01bbd47fc00a2c39e90264f33305004495a9","hash":"f454fe82efa1f1fcdc4a37b75e2ed04163de8b20"}
,"C:\\Documents\\CSE341\\KitchenIT\\CSE341KitchenIT\\routes\\recipes.js": {"path":"C:\\Documents\\CSE341\\KitchenIT\\CSE341KitchenIT\\routes\\recipes.js","statementMap":{"0":{"start":{"line":1,"column":16},"end":{"line":1,"column":34}},"1":{"start":{"line":2,"column":15},"end":{"line":2,"column":31}},"2":{"start":{"line":3,"column":25},"end":{"line":3,"column":58}},"3":{"start":{"line":5,"column":26},"end":{"line":5,"column":59}},"4":{"start":{"line":8,"column":0},"end":{"line":8,"column":81}},"5":{"start":{"line":9,"column":0},"end":{"line":9,"column":68}},"6":{"start":{"line":10,"column":0},"end":{"line":10,"column":63}},"7":{"start":{"line":11,"column":0},"end":{"line":11,"column":67}},"8":{"start":{"line":12,"column":0},"end":{"line":12,"column":70}},"9":{"start":{"line":13,"column":0},"end":{"line":13,"column":79}},"10":{"start":{"line":14,"column":0},"end":{"line":14,"column":75}},"11":{"start":{"line":16,"column":0},"end":{"line":16,"column":24}}},"fnMap":{},"branchMap":{},"s":{"0":0,"1":0,"2":0,"3":0,"4":0,"5":0,"6":0,"7":0,"8":0,"9":0,"10":0,"11":0},"f":{},"b":{}}
,"C:\\Documents\\CSE341\\KitchenIT\\CSE341KitchenIT\\routes\\swagger.js": {"path":"C:\\Documents\\CSE341\\KitchenIT\\CSE341KitchenIT\\routes\\swagger.js","statementMap":{"0":{"start":{"line":1,"column":15},"end":{"line":1,"column":42}},"1":{"start":{"line":2,"column":18},"end":{"line":2,"column":47}},"2":{"start":{"line":3,"column":24},"end":{"line":3,"column":57}},"3":{"start":{"line":4,"column":0},"end":{"line":4,"column":41}},"4":{"start":{"line":5,"column":0},"end":{"line":5,"column":58}},"5":{"start":{"line":7,"column":0},"end":{"line":7,"column":24}}},"fnMap":{},"branchMap":{},"s":{"0":0,"1":0,"2":0,"3":0,"4":0,"5":0},"f":{},"b":{}}
,"C:\\Documents\\CSE341\\KitchenIT\\CSE341KitchenIT\\routes\\userRoute.js": {"path":"C:\\Documents\\CSE341\\KitchenIT\\CSE341KitchenIT\\routes\\userRoute.js","statementMap":{"0":{"start":{"line":1,"column":16},"end":{"line":1,"column":34}},"1":{"start":{"line":2,"column":15},"end":{"line":2,"column":31}},"2":{"start":{"line":3,"column":23},"end":{"line":3,"column":63}},"3":{"start":{"line":4,"column":25},"end":{"line":4,"column":58}},"4":{"start":{"line":6,"column":0},"end":{"line":6,"column":70}},"5":{"start":{"line":7,"column":0},"end":{"line":7,"column":64}},"6":{"start":{"line":8,"column":0},"end":{"line":8,"column":60}},"7":{"start":{"line":9,"column":0},"end":{"line":9,"column":63}},"8":{"start":{"line":10,"column":0},"end":{"line":10,"column":62}},"9":{"start":{"line":11,"column":0},"end":{"line":11,"column":65}},"10":{"start":{"line":13,"column":0},"end":{"line":13,"column":24}}},"fnMap":{},"branchMap":{},"s":{"0":0,"1":0,"2":0,"3":0,"4":0,"5":0,"6":0,"7":0,"8":0,"9":0,"10":0},"f":{},"b":{}}
}
